::1 - - [12/Jul/2016:04:16:49 +0000] "POST /api/users/ HTTP/1.1" 200 35 "-" "Mozilla/5.0 (Windows NT 10.0; Win64; x64) AppleWebKit/537.36 (KHTML, like Gecko) Chrome/51.0.2704.106 Safari/537.36"
::1 - - [12/Jul/2016:04:17:23 +0000] "GET /api/users/?name=vicky HTTP/1.1" 200 216 "-" "Mozilla/5.0 (Windows NT 10.0; Win64; x64) AppleWebKit/537.36 (KHTML, like Gecko) Chrome/51.0.2704.106 Safari/537.36"
::1 - - [12/Jul/2016:04:17:30 +0000] "GET /api/users/?name=%22vicky%22 HTTP/1.1" 200 216 "-" "Mozilla/5.0 (Windows NT 10.0; Win64; x64) AppleWebKit/537.36 (KHTML, like Gecko) Chrome/51.0.2704.106 Safari/537.36"
::1 - - [12/Jul/2016:04:17:36 +0000] "GET /api/users/?%22name%22=%22vicky%22 HTTP/1.1" 200 216 "-" "Mozilla/5.0 (Windows NT 10.0; Win64; x64) AppleWebKit/537.36 (KHTML, like Gecko) Chrome/51.0.2704.106 Safari/537.36"
::1 - - [12/Jul/2016:04:19:00 +0000] "GET /api/users/?%22name%22=%22vicky%22 HTTP/1.1" 200 216 "-" "Mozilla/5.0 (Windows NT 10.0; Win64; x64) AppleWebKit/537.36 (KHTML, like Gecko) Chrome/51.0.2704.106 Safari/537.36"
::1 - - [12/Jul/2016:04:20:27 +0000] "GET /api/users/?%22name%22=%22vicky%22 HTTP/1.1" 200 216 "-" "Mozilla/5.0 (Windows NT 10.0; Win64; x64) AppleWebKit/537.36 (KHTML, like Gecko) Chrome/51.0.2704.106 Safari/537.36"
::1 - - [12/Jul/2016:04:20:44 +0000] "GET /api/users/?%22name%22=%22vicky%22 HTTP/1.1" 200 216 "-" "Mozilla/5.0 (Windows NT 10.0; Win64; x64) AppleWebKit/537.36 (KHTML, like Gecko) Chrome/51.0.2704.106 Safari/537.36"
::1 - - [12/Jul/2016:04:22:00 +0000] "GET /api/users/?%22name%22=%22vicky%22 HTTP/1.1" 200 216 "-" "Mozilla/5.0 (Windows NT 10.0; Win64; x64) AppleWebKit/537.36 (KHTML, like Gecko) Chrome/51.0.2704.106 Safari/537.36"
::1 - - [12/Jul/2016:04:23:51 +0000] "GET /api/users/ HTTP/1.1" 500 1558 "-" "Mozilla/5.0 (Windows NT 10.0; Win64; x64) AppleWebKit/537.36 (KHTML, like Gecko) Chrome/51.0.2704.106 Safari/537.36"
::1 - - [12/Jul/2016:04:24:26 +0000] "GET /api/users/ HTTP/1.1" 200 2 "-" "Mozilla/5.0 (Windows NT 10.0; Win64; x64) AppleWebKit/537.36 (KHTML, like Gecko) Chrome/51.0.2704.106 Safari/537.36"
::1 - - [12/Jul/2016:04:25:01 +0000] "GET /api/users/ HTTP/1.1" 200 2 "-" "Mozilla/5.0 (Windows NT 10.0; Win64; x64) AppleWebKit/537.36 (KHTML, like Gecko) Chrome/51.0.2704.106 Safari/537.36"
::1 - - [12/Jul/2016:04:26:28 +0000] "GET /api/users/?name=vicky HTTP/1.1" 200 216 "-" "Mozilla/5.0 (Windows NT 10.0; Win64; x64) AppleWebKit/537.36 (KHTML, like Gecko) Chrome/51.0.2704.106 Safari/537.36"
::1 - foo [12/Jul/2016:05:56:12 +0000] "POST /api/users HTTP/1.1" 200 35 "-" "Mozilla/5.0 (Windows NT 10.0; Win64; x64) AppleWebKit/537.36 (KHTML, like Gecko) Chrome/51.0.2704.106 Safari/537.36"
::1 - sdfgh [12/Jul/2016:05:56:21 +0000] "POST /api/users HTTP/1.1" 200 35 "-" "Mozilla/5.0 (Windows NT 10.0; Win64; x64) AppleWebKit/537.36 (KHTML, like Gecko) Chrome/51.0.2704.106 Safari/537.36"
::1 - sdfgh [12/Jul/2016:06:52:16 +0000] "POST /api/users HTTP/1.1" 200 35 "-" "Mozilla/5.0 (Windows NT 10.0; Win64; x64) AppleWebKit/537.36 (KHTML, like Gecko) Chrome/51.0.2704.106 Safari/537.36"
::1 - sdfgh [12/Jul/2016:06:53:04 +0000] "POST /api/users/delete HTTP/1.1" 200 34 "-" "Mozilla/5.0 (Windows NT 10.0; Win64; x64) AppleWebKit/537.36 (KHTML, like Gecko) Chrome/51.0.2704.106 Safari/537.36"
::1 - sdfgh [12/Jul/2016:06:53:08 +0000] "POST /api/users/delete HTTP/1.1" 200 34 "-" "Mozilla/5.0 (Windows NT 10.0; Win64; x64) AppleWebKit/537.36 (KHTML, like Gecko) Chrome/51.0.2704.106 Safari/537.36"
::1 - sdfgh [12/Jul/2016:06:53:13 +0000] "POST /api/users/delete HTTP/1.1" 200 34 "-" "Mozilla/5.0 (Windows NT 10.0; Win64; x64) AppleWebKit/537.36 (KHTML, like Gecko) Chrome/51.0.2704.106 Safari/537.36"
::1 - sdfgh [12/Jul/2016:06:53:24 +0000] "POST /api/users/delete HTTP/1.1" 200 34 "-" "Mozilla/5.0 (Windows NT 10.0; Win64; x64) AppleWebKit/537.36 (KHTML, like Gecko) Chrome/51.0.2704.106 Safari/537.36"
::1 - username [12/Jul/2016:07:40:17 +0000] "POST /api/users HTTP/1.1" 200 35 "-" "Mozilla/5.0 (Windows NT 10.0; Win64; x64) AppleWebKit/537.36 (KHTML, like Gecko) Chrome/51.0.2704.106 Safari/537.36"
::1 - adfsfbgnh [12/Jul/2016:07:40:25 +0000] "POST /api/users HTTP/1.1" 200 35 "-" "Mozilla/5.0 (Windows NT 10.0; Win64; x64) AppleWebKit/537.36 (KHTML, like Gecko) Chrome/51.0.2704.106 Safari/537.36"
::1 - adfsfbgnh [12/Jul/2016:07:41:00 +0000] "POST /api/users HTTP/1.1" 200 35 "-" "Mozilla/5.0 (Windows NT 10.0; Win64; x64) AppleWebKit/537.36 (KHTML, like Gecko) Chrome/51.0.2704.106 Safari/537.36"
::1 - adfsfbgnh [12/Jul/2016:07:42:07 +0000] "POST /api/users HTTP/1.1" 200 35 "-" "Mozilla/5.0 (Windows NT 10.0; Win64; x64) AppleWebKit/537.36 (KHTML, like Gecko) Chrome/51.0.2704.106 Safari/537.36"
::1 - adfsfbgnh [12/Jul/2016:07:42:20 +0000] "POST /api/users HTTP/1.1" 200 35 "-" "Mozilla/5.0 (Windows NT 10.0; Win64; x64) AppleWebKit/537.36 (KHTML, like Gecko) Chrome/51.0.2704.106 Safari/537.36"
::1 - adfsfbgnh [12/Jul/2016:11:29:32 +0000] "POST /api/users HTTP/1.1" 200 35 "-" "Mozilla/5.0 (Windows NT 10.0; Win64; x64) AppleWebKit/537.36 (KHTML, like Gecko) Chrome/51.0.2704.106 Safari/537.36"
::1 - Karthick [12/Jul/2016:11:29:49 +0000] "POST /api/users HTTP/1.1" 200 35 "-" "Mozilla/5.0 (Windows NT 10.0; Win64; x64) AppleWebKit/537.36 (KHTML, like Gecko) Chrome/51.0.2704.106 Safari/537.36"
::1 - Karthick [13/Jul/2016:06:38:08 +0000] "GET /api/users HTTP/1.1" 200 805 "-" "Mozilla/5.0 (Windows NT 10.0; Win64; x64) AppleWebKit/537.36 (KHTML, like Gecko) Chrome/51.0.2704.106 Safari/537.36"
::1 - Karthick [13/Jul/2016:07:18:36 +0000] "POST /api/users HTTP/1.1" 200 34 "-" "Mozilla/5.0 (Windows NT 10.0; Win64; x64) AppleWebKit/537.36 (KHTML, like Gecko) Chrome/51.0.2704.106 Safari/537.36"
::1 - Karthick [13/Jul/2016:08:52:25 +0000] "POST /api/users/secured HTTP/1.1" 500 1587 "-" "Mozilla/5.0 (Windows NT 10.0; Win64; x64) AppleWebKit/537.36 (KHTML, like Gecko) Chrome/51.0.2704.106 Safari/537.36"
::1 - Karthick [13/Jul/2016:08:55:11 +0000] "POST /api/users/secured HTTP/1.1" - - "-" "Mozilla/5.0 (Windows NT 10.0; Win64; x64) AppleWebKit/537.36 (KHTML, like Gecko) Chrome/51.0.2704.106 Safari/537.36"
::1 - Karthick [13/Jul/2016:08:55:31 +0000] "POST /api/users/unsecured HTTP/1.1" - - "-" "Mozilla/5.0 (Windows NT 10.0; Win64; x64) AppleWebKit/537.36 (KHTML, like Gecko) Chrome/51.0.2704.106 Safari/537.36"
::1 - Karthick [13/Jul/2016:09:03:05 +0000] "POST /api/users/unsecured/add HTTP/1.1" 200 34 "-" "Mozilla/5.0 (Windows NT 10.0; Win64; x64) AppleWebKit/537.36 (KHTML, like Gecko) Chrome/51.0.2704.106 Safari/537.36"
::1 - Karthick [13/Jul/2016:09:03:29 +0000] "POST /api/users/secured/disp HTTP/1.1" 404 36 "-" "Mozilla/5.0 (Windows NT 10.0; Win64; x64) AppleWebKit/537.36 (KHTML, like Gecko) Chrome/51.0.2704.106 Safari/537.36"
::1 - Karthick [13/Jul/2016:09:03:42 +0000] "POST /api/users/secured/Disp HTTP/1.1" 404 36 "-" "Mozilla/5.0 (Windows NT 10.0; Win64; x64) AppleWebKit/537.36 (KHTML, like Gecko) Chrome/51.0.2704.106 Safari/537.36"
::1 - Karthick [13/Jul/2016:09:03:47 +0000] "GET /api/users/secured/Disp HTTP/1.1" 200 957 "-" "Mozilla/5.0 (Windows NT 10.0; Win64; x64) AppleWebKit/537.36 (KHTML, like Gecko) Chrome/51.0.2704.106 Safari/537.36"
::1 - Karthick [13/Jul/2016:09:04:10 +0000] "POST /api/users/secured/delete HTTP/1.1" 400 860 "-" "Mozilla/5.0 (Windows NT 10.0; Win64; x64) AppleWebKit/537.36 (KHTML, like Gecko) Chrome/51.0.2704.106 Safari/537.36"
::1 - Karthick [13/Jul/2016:10:06:07 +0000] "GET /api/users/secured/disp HTTP/1.1" 500 1563 "-" "Mozilla/5.0 (Windows NT 10.0; Win64; x64) AppleWebKit/537.36 (KHTML, like Gecko) Chrome/51.0.2704.106 Safari/537.36"
::1 - Karthick [13/Jul/2016:10:06:37 +0000] "GET /api/users/secured/disp HTTP/1.1" 200 30 "-" "Mozilla/5.0 (Windows NT 10.0; Win64; x64) AppleWebKit/537.36 (KHTML, like Gecko) Chrome/51.0.2704.106 Safari/537.36"
::1 - Karthick [13/Jul/2016:10:07:04 +0000] "GET /api/users/secured/disp HTTP/1.1" 200 985 "-" "Mozilla/5.0 (Windows NT 10.0; Win64; x64) AppleWebKit/537.36 (KHTML, like Gecko) Chrome/51.0.2704.106 Safari/537.36"
::1 - Karthick [13/Jul/2016:10:42:09 +0000] "POST /api/users/secured/delete HTTP/1.1" 200 34 "-" "Mozilla/5.0 (Windows NT 10.0; Win64; x64) AppleWebKit/537.36 (KHTML, like Gecko) Chrome/51.0.2704.106 Safari/537.36"
::1 - Karthick [13/Jul/2016:10:42:26 +0000] "POST /api/users/secured/update HTTP/1.1" 500 1572 "-" "Mozilla/5.0 (Windows NT 10.0; Win64; x64) AppleWebKit/537.36 (KHTML, like Gecko) Chrome/51.0.2704.106 Safari/537.36"
::1 - Karthick [13/Jul/2016:10:42:56 +0000] "POST /api/users/secured/update HTTP/1.1" 500 1572 "-" "Mozilla/5.0 (Windows NT 10.0; Win64; x64) AppleWebKit/537.36 (KHTML, like Gecko) Chrome/51.0.2704.106 Safari/537.36"
::1 - Karthick [13/Jul/2016:10:46:24 +0000] "POST /api/users/secured/update HTTP/1.1" 500 1566 "-" "Mozilla/5.0 (Windows NT 10.0; Win64; x64) AppleWebKit/537.36 (KHTML, like Gecko) Chrome/51.0.2704.106 Safari/537.36"
::1 - Karthick [13/Jul/2016:10:46:56 +0000] "POST /api/users/secured/update HTTP/1.1" 500 1566 "-" "Mozilla/5.0 (Windows NT 10.0; Win64; x64) AppleWebKit/537.36 (KHTML, like Gecko) Chrome/51.0.2704.106 Safari/537.36"
::1 - Karthick [14/Jul/2016:09:53:39 +0000] "POST / HTTP/1.1" 404 14 "-" "Mozilla/5.0 (Windows NT 10.0; Win64; x64) AppleWebKit/537.36 (KHTML, like Gecko) Chrome/51.0.2704.106 Safari/537.36"
::1 - Karthick [14/Jul/2016:09:53:46 +0000] "GET / HTTP/1.1" 200 809 "-" "Mozilla/5.0 (Windows NT 10.0; Win64; x64) AppleWebKit/537.36 (KHTML, like Gecko) Chrome/51.0.2704.106 Safari/537.36"
::1 - - [14/Jul/2016:09:54:12 +0000] "GET / HTTP/1.1" 304 - "-" "Mozilla/5.0 (Windows NT 10.0; Win64; x64) AppleWebKit/537.36 (KHTML, like Gecko) Chrome/51.0.2704.106 Safari/537.36"
::1 - - [14/Jul/2016:09:54:18 +0000] "GET /xyz HTTP/1.1" 200 809 "-" "Mozilla/5.0 (Windows NT 10.0; Win64; x64) AppleWebKit/537.36 (KHTML, like Gecko) Chrome/51.0.2704.106 Safari/537.36"
::1 - - [14/Jul/2016:09:55:32 +0000] "GET /api/djfkhsjl HTTP/1.1" 200 809 "-" "Mozilla/5.0 (Windows NT 10.0; Win64; x64) AppleWebKit/537.36 (KHTML, like Gecko) Chrome/51.0.2704.106 Safari/537.36"
::1 - - [14/Jul/2016:09:55:59 +0000] "GET /api/users/add HTTP/1.1" 200 809 "-" "Mozilla/5.0 (Windows NT 10.0; Win64; x64) AppleWebKit/537.36 (KHTML, like Gecko) Chrome/51.0.2704.106 Safari/537.36"
::1 - - [14/Jul/2016:09:56:06 +0000] "GET /api/users/ HTTP/1.1" 200 809 "-" "Mozilla/5.0 (Windows NT 10.0; Win64; x64) AppleWebKit/537.36 (KHTML, like Gecko) Chrome/51.0.2704.106 Safari/537.36"
::1 - - [14/Jul/2016:09:57:02 +0000] "GET /api/users/kjk HTTP/1.1" 200 809 "-" "Mozilla/5.0 (Windows NT 10.0; Win64; x64) AppleWebKit/537.36 (KHTML, like Gecko) Chrome/51.0.2704.106 Safari/537.36"
::1 - - [14/Jul/2016:09:57:15 +0000] "GET /jkjh HTTP/1.1" 200 809 "-" "Mozilla/5.0 (Windows NT 10.0; Win64; x64) AppleWebKit/537.36 (KHTML, like Gecko) Chrome/51.0.2704.106 Safari/537.36"
::ffff:192.168.2.8 - - [14/Jul/2016:09:57:43 +0000] "GET /getuser HTTP/1.1" 200 809 "-" "Mozilla/5.0 (Macintosh; Intel Mac OS X 10_11_4) AppleWebKit/537.36 (KHTML, like Gecko) Chrome/51.0.2704.106 Safari/537.36"
::1 - - [14/Jul/2016:09:57:52 +0000] "GET / HTTP/1.1" 304 - "-" "Mozilla/5.0 (Windows NT 10.0; Win64; x64) AppleWebKit/537.36 (KHTML, like Gecko) Chrome/51.0.2704.106 Safari/537.36"
::1 - - [14/Jul/2016:09:58:36 +0000] "GET /api/users/disp HTTP/1.1" 200 830 "-" "Mozilla/5.0 (Windows NT 10.0; Win64; x64) AppleWebKit/537.36 (KHTML, like Gecko) Chrome/51.0.2704.106 Safari/537.36"
::1 - - [14/Jul/2016:11:34:15 +0000] "GET /js HTTP/1.1" 200 623 "-" "Mozilla/5.0 (Windows NT 10.0; Win64; x64) AppleWebKit/537.36 (KHTML, like Gecko) Chrome/51.0.2704.106 Safari/537.36"
::1 - - [14/Jul/2016:11:34:16 +0000] "GET /css/vg.css HTTP/1.1" 200 623 "http://localhost:3000/js" "Mozilla/5.0 (Windows NT 10.0; Win64; x64) AppleWebKit/537.36 (KHTML, like Gecko) Chrome/51.0.2704.106 Safari/537.36"
::1 - - [14/Jul/2016:11:34:16 +0000] "GET /img/ajax-loader.gif HTTP/1.1" 200 623 "http://localhost:3000/js" "Mozilla/5.0 (Windows NT 10.0; Win64; x64) AppleWebKit/537.36 (KHTML, like Gecko) Chrome/51.0.2704.106 Safari/537.36"
::1 - - [14/Jul/2016:11:34:16 +0000] "GET /js/index.js HTTP/1.1" 200 623 "http://localhost:3000/js" "Mozilla/5.0 (Windows NT 10.0; Win64; x64) AppleWebKit/537.36 (KHTML, like Gecko) Chrome/51.0.2704.106 Safari/537.36"
::1 - - [14/Jul/2016:11:34:16 +0000] "GET /js/bundle.js HTTP/1.1" 200 623 "http://localhost:3000/js" "Mozilla/5.0 (Windows NT 10.0; Win64; x64) AppleWebKit/537.36 (KHTML, like Gecko) Chrome/51.0.2704.106 Safari/537.36"
::1 - - [14/Jul/2016:11:34:30 +0000] "GET /js/index.html HTTP/1.1" 200 623 "-" "Mozilla/5.0 (Windows NT 10.0; Win64; x64) AppleWebKit/537.36 (KHTML, like Gecko) Chrome/51.0.2704.106 Safari/537.36"
::1 - - [14/Jul/2016:11:34:30 +0000] "GET /js/css/vg.css HTTP/1.1" 200 623 "http://localhost:3000/js/index.html" "Mozilla/5.0 (Windows NT 10.0; Win64; x64) AppleWebKit/537.36 (KHTML, like Gecko) Chrome/51.0.2704.106 Safari/537.36"
::1 - - [14/Jul/2016:11:34:30 +0000] "GET /js/img/ajax-loader.gif HTTP/1.1" 200 623 "http://localhost:3000/js/index.html" "Mozilla/5.0 (Windows NT 10.0; Win64; x64) AppleWebKit/537.36 (KHTML, like Gecko) Chrome/51.0.2704.106 Safari/537.36"
::1 - - [14/Jul/2016:11:34:30 +0000] "GET /js/js/index.js HTTP/1.1" 200 623 "http://localhost:3000/js/index.html" "Mozilla/5.0 (Windows NT 10.0; Win64; x64) AppleWebKit/537.36 (KHTML, like Gecko) Chrome/51.0.2704.106 Safari/537.36"
::1 - - [14/Jul/2016:11:34:30 +0000] "GET /js/js/bundle.js HTTP/1.1" 200 623 "http://localhost:3000/js/index.html" "Mozilla/5.0 (Windows NT 10.0; Win64; x64) AppleWebKit/537.36 (KHTML, like Gecko) Chrome/51.0.2704.106 Safari/537.36"
::1 - - [14/Jul/2016:11:36:10 +0000] "GET /js HTTP/1.1" 304 - "-" "Mozilla/5.0 (Windows NT 10.0; Win64; x64) AppleWebKit/537.36 (KHTML, like Gecko) Chrome/51.0.2704.106 Safari/537.36"
::1 - - [14/Jul/2016:11:36:10 +0000] "GET /css/vg.css HTTP/1.1" 304 - "http://localhost:3000/js" "Mozilla/5.0 (Windows NT 10.0; Win64; x64) AppleWebKit/537.36 (KHTML, like Gecko) Chrome/51.0.2704.106 Safari/537.36"
::1 - - [14/Jul/2016:11:36:10 +0000] "GET /img/ajax-loader.gif HTTP/1.1" 304 - "http://localhost:3000/js" "Mozilla/5.0 (Windows NT 10.0; Win64; x64) AppleWebKit/537.36 (KHTML, like Gecko) Chrome/51.0.2704.106 Safari/537.36"
::1 - - [14/Jul/2016:11:36:10 +0000] "GET /js/index.js HTTP/1.1" 304 - "http://localhost:3000/js" "Mozilla/5.0 (Windows NT 10.0; Win64; x64) AppleWebKit/537.36 (KHTML, like Gecko) Chrome/51.0.2704.106 Safari/537.36"
::1 - - [14/Jul/2016:11:36:10 +0000] "GET /js/bundle.js HTTP/1.1" 304 - "http://localhost:3000/js" "Mozilla/5.0 (Windows NT 10.0; Win64; x64) AppleWebKit/537.36 (KHTML, like Gecko) Chrome/51.0.2704.106 Safari/537.36"
::1 - - [14/Jul/2016:11:36:33 +0000] "GET /static HTTP/1.1" 301 47 "-" "Mozilla/5.0 (Windows NT 10.0; Win64; x64) AppleWebKit/537.36 (KHTML, like Gecko) Chrome/51.0.2704.106 Safari/537.36"
::1 - - [14/Jul/2016:11:36:33 +0000] "GET /static/ HTTP/1.1" 200 623 "-" "Mozilla/5.0 (Windows NT 10.0; Win64; x64) AppleWebKit/537.36 (KHTML, like Gecko) Chrome/51.0.2704.106 Safari/537.36"
::1 - - [14/Jul/2016:11:36:33 +0000] "GET /static/css/vg.css HTTP/1.1" 200 623 "http://localhost:3000/static/" "Mozilla/5.0 (Windows NT 10.0; Win64; x64) AppleWebKit/537.36 (KHTML, like Gecko) Chrome/51.0.2704.106 Safari/537.36"
::1 - - [14/Jul/2016:11:36:33 +0000] "GET /static/js/index.js HTTP/1.1" 200 16426 "http://localhost:3000/static/" "Mozilla/5.0 (Windows NT 10.0; Win64; x64) AppleWebKit/537.36 (KHTML, like Gecko) Chrome/51.0.2704.106 Safari/537.36"
::1 - - [14/Jul/2016:11:36:33 +0000] "GET /static/img/ajax-loader.gif HTTP/1.1" 200 623 "http://localhost:3000/static/" "Mozilla/5.0 (Windows NT 10.0; Win64; x64) AppleWebKit/537.36 (KHTML, like Gecko) Chrome/51.0.2704.106 Safari/537.36"
::1 - - [14/Jul/2016:11:36:33 +0000] "GET /static/js/bundle.js HTTP/1.1" 200 4933958 "http://localhost:3000/static/" "Mozilla/5.0 (Windows NT 10.0; Win64; x64) AppleWebKit/537.36 (KHTML, like Gecko) Chrome/51.0.2704.106 Safari/537.36"
::1 - - [14/Jul/2016:11:36:45 +0000] "GET /static/js/index.js HTTP/1.1" 304 - "-" "Mozilla/5.0 (Windows NT 10.0; Win64; x64) AppleWebKit/537.36 (KHTML, like Gecko) Chrome/51.0.2704.106 Safari/537.36"
::1 - - [14/Jul/2016:11:37:27 +0000] "GET /static/js/index.js HTTP/1.1" 304 - "-" "Mozilla/5.0 (Windows NT 10.0; Win64; x64) AppleWebKit/537.36 (KHTML, like Gecko) Chrome/51.0.2704.106 Safari/537.36"
::1 - - [14/Jul/2016:11:37:30 +0000] "GET / HTTP/1.1" 200 681 "-" "Mozilla/5.0 (Windows NT 10.0; Win64; x64) AppleWebKit/537.36 (KHTML, like Gecko) Chrome/51.0.2704.106 Safari/537.36"
::1 - - [14/Jul/2016:11:37:30 +0000] "GET /css/vg.css HTTP/1.1" 200 681 "http://localhost:3000/" "Mozilla/5.0 (Windows NT 10.0; Win64; x64) AppleWebKit/537.36 (KHTML, like Gecko) Chrome/51.0.2704.106 Safari/537.36"
::1 - - [14/Jul/2016:11:37:30 +0000] "GET /static/js/index.js HTTP/1.1" 304 - "http://localhost:3000/" "Mozilla/5.0 (Windows NT 10.0; Win64; x64) AppleWebKit/537.36 (KHTML, like Gecko) Chrome/51.0.2704.106 Safari/537.36"
::1 - - [14/Jul/2016:11:37:30 +0000] "GET /img/ajax-loader.gif HTTP/1.1" 200 681 "http://localhost:3000/" "Mozilla/5.0 (Windows NT 10.0; Win64; x64) AppleWebKit/537.36 (KHTML, like Gecko) Chrome/51.0.2704.106 Safari/537.36"
::1 - - [14/Jul/2016:11:37:30 +0000] "GET /static/js/bundle.js HTTP/1.1" 304 - "http://localhost:3000/" "Mozilla/5.0 (Windows NT 10.0; Win64; x64) AppleWebKit/537.36 (KHTML, like Gecko) Chrome/51.0.2704.106 Safari/537.36"
::1 - - [14/Jul/2016:11:37:30 +0000] "GET /img/logo.png HTTP/1.1" 200 681 "http://localhost:3000/login" "Mozilla/5.0 (Windows NT 10.0; Win64; x64) AppleWebKit/537.36 (KHTML, like Gecko) Chrome/51.0.2704.106 Safari/537.36"
::1 - - [14/Jul/2016:11:37:36 +0000] "GET /Home1/sdfsdf HTTP/1.1" 200 681 "-" "Mozilla/5.0 (Windows NT 10.0; Win64; x64) AppleWebKit/537.36 (KHTML, like Gecko) Chrome/51.0.2704.106 Safari/537.36"
::1 - - [14/Jul/2016:11:37:37 +0000] "GET /static/js/index.js HTTP/1.1" 304 - "http://localhost:3000/Home1/sdfsdf" "Mozilla/5.0 (Windows NT 10.0; Win64; x64) AppleWebKit/537.36 (KHTML, like Gecko) Chrome/51.0.2704.106 Safari/537.36"
::1 - - [14/Jul/2016:11:37:37 +0000] "GET /static/js/bundle.js HTTP/1.1" 304 - "http://localhost:3000/Home1/sdfsdf" "Mozilla/5.0 (Windows NT 10.0; Win64; x64) AppleWebKit/537.36 (KHTML, like Gecko) Chrome/51.0.2704.106 Safari/537.36"
::1 - - [14/Jul/2016:11:37:37 +0000] "GET /Home1/css/vg.css HTTP/1.1" 200 681 "http://localhost:3000/Home1/sdfsdf" "Mozilla/5.0 (Windows NT 10.0; Win64; x64) AppleWebKit/537.36 (KHTML, like Gecko) Chrome/51.0.2704.106 Safari/537.36"
::1 - - [14/Jul/2016:11:37:37 +0000] "GET /Home1/img/ajax-loader.gif HTTP/1.1" 200 681 "http://localhost:3000/Home1/sdfsdf" "Mozilla/5.0 (Windows NT 10.0; Win64; x64) AppleWebKit/537.36 (KHTML, like Gecko) Chrome/51.0.2704.106 Safari/537.36"
::1 - - [14/Jul/2016:11:38:01 +0000] "GET /Home1/css/vg.css HTTP/1.1" 304 - "http://localhost:3000/Home1/sdfsdf" "Mozilla/5.0 (Windows NT 10.0; Win64; x64) AppleWebKit/537.36 (KHTML, like Gecko) Chrome/51.0.2704.106 Safari/537.36"
::1 - - [14/Jul/2016:11:38:50 +0000] "GET /Home1/sdafasfdasdfsfd HTTP/1.1" 200 681 "-" "Mozilla/5.0 (Windows NT 10.0; Win64; x64) AppleWebKit/537.36 (KHTML, like Gecko) Chrome/51.0.2704.106 Safari/537.36"
::1 - - [14/Jul/2016:11:38:51 +0000] "GET /Home1/css/vg.css HTTP/1.1" 304 - "http://localhost:3000/Home1/sdafasfdasdfsfd" "Mozilla/5.0 (Windows NT 10.0; Win64; x64) AppleWebKit/537.36 (KHTML, like Gecko) Chrome/51.0.2704.106 Safari/537.36"
::1 - - [14/Jul/2016:11:38:51 +0000] "GET /Home1/img/ajax-loader.gif HTTP/1.1" 304 - "http://localhost:3000/Home1/sdafasfdasdfsfd" "Mozilla/5.0 (Windows NT 10.0; Win64; x64) AppleWebKit/537.36 (KHTML, like Gecko) Chrome/51.0.2704.106 Safari/537.36"
::1 - - [14/Jul/2016:11:38:51 +0000] "GET /static/js/index.js HTTP/1.1" 304 - "http://localhost:3000/Home1/sdafasfdasdfsfd" "Mozilla/5.0 (Windows NT 10.0; Win64; x64) AppleWebKit/537.36 (KHTML, like Gecko) Chrome/51.0.2704.106 Safari/537.36"
::1 - - [14/Jul/2016:11:38:51 +0000] "GET /static/js/bundle.js HTTP/1.1" 304 - "http://localhost:3000/Home1/sdafasfdasdfsfd" "Mozilla/5.0 (Windows NT 10.0; Win64; x64) AppleWebKit/537.36 (KHTML, like Gecko) Chrome/51.0.2704.106 Safari/537.36"
::1 - - [14/Jul/2016:11:39:54 +0000] "GET /Home1/dfgdfgdfg HTTP/1.1" 200 681 "-" "Mozilla/5.0 (Windows NT 10.0; Win64; x64) AppleWebKit/537.36 (KHTML, like Gecko) Chrome/51.0.2704.106 Safari/537.36"
::1 - - [14/Jul/2016:11:39:54 +0000] "GET /Home1/css/vg.css HTTP/1.1" 304 - "http://localhost:3000/Home1/dfgdfgdfg" "Mozilla/5.0 (Windows NT 10.0; Win64; x64) AppleWebKit/537.36 (KHTML, like Gecko) Chrome/51.0.2704.106 Safari/537.36"
::1 - - [14/Jul/2016:11:39:54 +0000] "GET /Home1/img/ajax-loader.gif HTTP/1.1" 304 - "http://localhost:3000/Home1/dfgdfgdfg" "Mozilla/5.0 (Windows NT 10.0; Win64; x64) AppleWebKit/537.36 (KHTML, like Gecko) Chrome/51.0.2704.106 Safari/537.36"
::1 - - [14/Jul/2016:11:39:54 +0000] "GET /static/js/index.js HTTP/1.1" 304 - "http://localhost:3000/Home1/dfgdfgdfg" "Mozilla/5.0 (Windows NT 10.0; Win64; x64) AppleWebKit/537.36 (KHTML, like Gecko) Chrome/51.0.2704.106 Safari/537.36"
::1 - - [14/Jul/2016:11:39:54 +0000] "GET /static/js/bundle.js HTTP/1.1" 304 - "http://localhost:3000/Home1/dfgdfgdfg" "Mozilla/5.0 (Windows NT 10.0; Win64; x64) AppleWebKit/537.36 (KHTML, like Gecko) Chrome/51.0.2704.106 Safari/537.36"
::1 - - [14/Jul/2016:11:40:09 +0000] "GET /Home1/fdgdf HTTP/1.1" 200 681 "-" "Mozilla/5.0 (Windows NT 10.0; Win64; x64) AppleWebKit/537.36 (KHTML, like Gecko) Chrome/51.0.2704.106 Safari/537.36"
::1 - - [14/Jul/2016:11:40:10 +0000] "GET /Home1/css/vg.css HTTP/1.1" 304 - "http://localhost:3000/Home1/fdgdf" "Mozilla/5.0 (Windows NT 10.0; Win64; x64) AppleWebKit/537.36 (KHTML, like Gecko) Chrome/51.0.2704.106 Safari/537.36"
::1 - - [14/Jul/2016:11:40:10 +0000] "GET /Home1/img/ajax-loader.gif HTTP/1.1" 304 - "http://localhost:3000/Home1/fdgdf" "Mozilla/5.0 (Windows NT 10.0; Win64; x64) AppleWebKit/537.36 (KHTML, like Gecko) Chrome/51.0.2704.106 Safari/537.36"
::1 - - [14/Jul/2016:11:40:10 +0000] "GET /static/js/index.js HTTP/1.1" 304 - "http://localhost:3000/Home1/fdgdf" "Mozilla/5.0 (Windows NT 10.0; Win64; x64) AppleWebKit/537.36 (KHTML, like Gecko) Chrome/51.0.2704.106 Safari/537.36"
::1 - - [14/Jul/2016:11:40:10 +0000] "GET /static/js/bundle.js HTTP/1.1" 304 - "http://localhost:3000/Home1/fdgdf" "Mozilla/5.0 (Windows NT 10.0; Win64; x64) AppleWebKit/537.36 (KHTML, like Gecko) Chrome/51.0.2704.106 Safari/537.36"
::1 - - [14/Jul/2016:11:40:18 +0000] "GET /Home1/img/ajax-loader.gif HTTP/1.1" 304 - "-" "Mozilla/5.0 (Windows NT 10.0; Win64; x64) AppleWebKit/537.36 (KHTML, like Gecko) Chrome/51.0.2704.106 Safari/537.36"
::1 - - [14/Jul/2016:11:40:35 +0000] "GET /Home1/img/ajax-loader.gif HTTP/1.1" 304 - "-" "Mozilla/5.0 (Windows NT 10.0; Win64; x64) AppleWebKit/537.36 (KHTML, like Gecko) Chrome/51.0.2704.106 Safari/537.36"
::1 - - [14/Jul/2016:11:41:04 +0000] "GET /Home1/dsfgdsgdsf HTTP/1.1" 200 681 "-" "Mozilla/5.0 (Windows NT 10.0; Win64; x64) AppleWebKit/537.36 (KHTML, like Gecko) Chrome/51.0.2704.106 Safari/537.36"
::1 - - [14/Jul/2016:11:41:05 +0000] "GET /Home1/css/vg.css HTTP/1.1" 304 - "http://localhost:3000/Home1/dsfgdsgdsf" "Mozilla/5.0 (Windows NT 10.0; Win64; x64) AppleWebKit/537.36 (KHTML, like Gecko) Chrome/51.0.2704.106 Safari/537.36"
::1 - - [14/Jul/2016:11:41:05 +0000] "GET /Home1/img/ajax-loader.gif HTTP/1.1" 304 - "http://localhost:3000/Home1/dsfgdsgdsf" "Mozilla/5.0 (Windows NT 10.0; Win64; x64) AppleWebKit/537.36 (KHTML, like Gecko) Chrome/51.0.2704.106 Safari/537.36"
::1 - - [14/Jul/2016:11:41:05 +0000] "GET /static/js/index.js HTTP/1.1" 304 - "http://localhost:3000/Home1/dsfgdsgdsf" "Mozilla/5.0 (Windows NT 10.0; Win64; x64) AppleWebKit/537.36 (KHTML, like Gecko) Chrome/51.0.2704.106 Safari/537.36"
::1 - - [14/Jul/2016:11:41:05 +0000] "GET /static/js/bundle.js HTTP/1.1" 304 - "http://localhost:3000/Home1/dsfgdsgdsf" "Mozilla/5.0 (Windows NT 10.0; Win64; x64) AppleWebKit/537.36 (KHTML, like Gecko) Chrome/51.0.2704.106 Safari/537.36"
::1 - - [14/Jul/2016:11:41:05 +0000] "GET /Home1/img/ajax-loader.gif HTTP/1.1" 304 - "-" "Mozilla/5.0 (Windows NT 10.0; Win64; x64) AppleWebKit/537.36 (KHTML, like Gecko) Chrome/51.0.2704.106 Safari/537.36"
::1 - - [14/Jul/2016:11:42:59 +0000] "GET /api/user/disp HTTP/1.1" 200 681 "-" "Mozilla/5.0 (Windows NT 10.0; Win64; x64) AppleWebKit/537.36 (KHTML, like Gecko) Chrome/51.0.2704.106 Safari/537.36"
::1 - - [14/Jul/2016:11:42:59 +0000] "GET /api/user/css/vg.css HTTP/1.1" 200 681 "http://localhost:3000/api/user/disp" "Mozilla/5.0 (Windows NT 10.0; Win64; x64) AppleWebKit/537.36 (KHTML, like Gecko) Chrome/51.0.2704.106 Safari/537.36"
::1 - - [14/Jul/2016:11:42:59 +0000] "GET /api/user/img/ajax-loader.gif HTTP/1.1" 200 681 "http://localhost:3000/api/user/disp" "Mozilla/5.0 (Windows NT 10.0; Win64; x64) AppleWebKit/537.36 (KHTML, like Gecko) Chrome/51.0.2704.106 Safari/537.36"
::1 - - [14/Jul/2016:11:42:59 +0000] "GET /static/js/index.js HTTP/1.1" 304 - "http://localhost:3000/api/user/disp" "Mozilla/5.0 (Windows NT 10.0; Win64; x64) AppleWebKit/537.36 (KHTML, like Gecko) Chrome/51.0.2704.106 Safari/537.36"
::1 - - [14/Jul/2016:11:42:59 +0000] "GET /static/js/bundle.js HTTP/1.1" 304 - "http://localhost:3000/api/user/disp" "Mozilla/5.0 (Windows NT 10.0; Win64; x64) AppleWebKit/537.36 (KHTML, like Gecko) Chrome/51.0.2704.106 Safari/537.36"
::1 - - [14/Jul/2016:11:43:00 +0000] "GET /api/user/img/ajax-loader.gif HTTP/1.1" 304 - "-" "Mozilla/5.0 (Windows NT 10.0; Win64; x64) AppleWebKit/537.36 (KHTML, like Gecko) Chrome/51.0.2704.106 Safari/537.36"
::1 - - [14/Jul/2016:11:43:09 +0000] "GET /api/users/disp HTTP/1.1" 304 - "-" "Mozilla/5.0 (Windows NT 10.0; Win64; x64) AppleWebKit/537.36 (KHTML, like Gecko) Chrome/51.0.2704.106 Safari/537.36"
::1 - - [14/Jul/2016:11:44:04 +0000] "GET /api/user/disp HTTP/1.1" 304 - "-" "Mozilla/5.0 (Windows NT 10.0; Win64; x64) AppleWebKit/537.36 (KHTML, like Gecko) Chrome/51.0.2704.106 Safari/537.36"
::1 - - [14/Jul/2016:11:44:05 +0000] "GET /api/user/css/vg.css HTTP/1.1" 304 - "http://localhost:3000/api/user/disp" "Mozilla/5.0 (Windows NT 10.0; Win64; x64) AppleWebKit/537.36 (KHTML, like Gecko) Chrome/51.0.2704.106 Safari/537.36"
::1 - - [14/Jul/2016:11:44:05 +0000] "GET /api/user/img/ajax-loader.gif HTTP/1.1" 304 - "http://localhost:3000/api/user/disp" "Mozilla/5.0 (Windows NT 10.0; Win64; x64) AppleWebKit/537.36 (KHTML, like Gecko) Chrome/51.0.2704.106 Safari/537.36"
::1 - - [14/Jul/2016:11:44:05 +0000] "GET /static/js/index.js HTTP/1.1" 304 - "http://localhost:3000/api/user/disp" "Mozilla/5.0 (Windows NT 10.0; Win64; x64) AppleWebKit/537.36 (KHTML, like Gecko) Chrome/51.0.2704.106 Safari/537.36"
::1 - - [14/Jul/2016:11:44:05 +0000] "GET /static/js/bundle.js HTTP/1.1" 304 - "http://localhost:3000/api/user/disp" "Mozilla/5.0 (Windows NT 10.0; Win64; x64) AppleWebKit/537.36 (KHTML, like Gecko) Chrome/51.0.2704.106 Safari/537.36"
::1 - - [14/Jul/2016:11:44:12 +0000] "GET /api/user/css/vg.css HTTP/1.1" 304 - "http://localhost:3000/api/user/disp" "Mozilla/5.0 (Windows NT 10.0; Win64; x64) AppleWebKit/537.36 (KHTML, like Gecko) Chrome/51.0.2704.106 Safari/537.36"
::1 - - [14/Jul/2016:11:51:12 +0000] "GET /api/user/disp HTTP/1.1" 304 - "-" "Mozilla/5.0 (Windows NT 10.0; Win64; x64) AppleWebKit/537.36 (KHTML, like Gecko) Chrome/51.0.2704.106 Safari/537.36"
::1 - - [14/Jul/2016:11:51:12 +0000] "GET /api/user/css/vg.css HTTP/1.1" 304 - "http://localhost:3000/api/user/disp" "Mozilla/5.0 (Windows NT 10.0; Win64; x64) AppleWebKit/537.36 (KHTML, like Gecko) Chrome/51.0.2704.106 Safari/537.36"
::1 - - [14/Jul/2016:11:51:12 +0000] "GET /api/user/img/ajax-loader.gif HTTP/1.1" 304 - "http://localhost:3000/api/user/disp" "Mozilla/5.0 (Windows NT 10.0; Win64; x64) AppleWebKit/537.36 (KHTML, like Gecko) Chrome/51.0.2704.106 Safari/537.36"
::1 - - [14/Jul/2016:11:51:12 +0000] "GET /static/js/index.js HTTP/1.1" 304 - "http://localhost:3000/api/user/disp" "Mozilla/5.0 (Windows NT 10.0; Win64; x64) AppleWebKit/537.36 (KHTML, like Gecko) Chrome/51.0.2704.106 Safari/537.36"
::1 - - [14/Jul/2016:11:51:12 +0000] "GET /static/js/bundle.js HTTP/1.1" 200 4934227 "http://localhost:3000/api/user/disp" "Mozilla/5.0 (Windows NT 10.0; Win64; x64) AppleWebKit/537.36 (KHTML, like Gecko) Chrome/51.0.2704.106 Safari/537.36"
::1 - - [14/Jul/2016:11:51:13 +0000] "GET /img/logo.png HTTP/1.1" 304 - "http://localhost:3000/api/user/disp" "Mozilla/5.0 (Windows NT 10.0; Win64; x64) AppleWebKit/537.36 (KHTML, like Gecko) Chrome/51.0.2704.106 Safari/537.36"
::1 - - [14/Jul/2016:11:51:46 +0000] "GET /Home1/dsfgdsgdsf HTTP/1.1" 304 - "-" "Mozilla/5.0 (Windows NT 10.0; Win64; x64) AppleWebKit/537.36 (KHTML, like Gecko) Chrome/51.0.2704.106 Safari/537.36"
::1 - - [14/Jul/2016:11:51:47 +0000] "GET /Home1/css/vg.css HTTP/1.1" 304 - "http://localhost:3000/Home1/dsfgdsgdsf" "Mozilla/5.0 (Windows NT 10.0; Win64; x64) AppleWebKit/537.36 (KHTML, like Gecko) Chrome/51.0.2704.106 Safari/537.36"
::1 - - [14/Jul/2016:11:51:47 +0000] "GET /Home1/img/ajax-loader.gif HTTP/1.1" 304 - "http://localhost:3000/Home1/dsfgdsgdsf" "Mozilla/5.0 (Windows NT 10.0; Win64; x64) AppleWebKit/537.36 (KHTML, like Gecko) Chrome/51.0.2704.106 Safari/537.36"
::1 - - [14/Jul/2016:11:51:47 +0000] "GET /static/js/index.js HTTP/1.1" 304 - "http://localhost:3000/Home1/dsfgdsgdsf" "Mozilla/5.0 (Windows NT 10.0; Win64; x64) AppleWebKit/537.36 (KHTML, like Gecko) Chrome/51.0.2704.106 Safari/537.36"
::1 - - [14/Jul/2016:11:51:47 +0000] "GET /static/js/bundle.js HTTP/1.1" 304 - "http://localhost:3000/Home1/dsfgdsgdsf" "Mozilla/5.0 (Windows NT 10.0; Win64; x64) AppleWebKit/537.36 (KHTML, like Gecko) Chrome/51.0.2704.106 Safari/537.36"
::1 - - [14/Jul/2016:11:51:47 +0000] "GET /img/logo.png HTTP/1.1" 304 - "http://localhost:3000/Home1/dsfgdsgdsf" "Mozilla/5.0 (Windows NT 10.0; Win64; x64) AppleWebKit/537.36 (KHTML, like Gecko) Chrome/51.0.2704.106 Safari/537.36"
::1 - - [14/Jul/2016:11:51:56 +0000] "GET /Home1 HTTP/1.1" 200 681 "-" "Mozilla/5.0 (Windows NT 10.0; Win64; x64) AppleWebKit/537.36 (KHTML, like Gecko) Chrome/51.0.2704.106 Safari/537.36"
::1 - - [14/Jul/2016:11:51:56 +0000] "GET /css/vg.css HTTP/1.1" 304 - "http://localhost:3000/Home1" "Mozilla/5.0 (Windows NT 10.0; Win64; x64) AppleWebKit/537.36 (KHTML, like Gecko) Chrome/51.0.2704.106 Safari/537.36"
::1 - - [14/Jul/2016:11:51:56 +0000] "GET /img/ajax-loader.gif HTTP/1.1" 304 - "http://localhost:3000/Home1" "Mozilla/5.0 (Windows NT 10.0; Win64; x64) AppleWebKit/537.36 (KHTML, like Gecko) Chrome/51.0.2704.106 Safari/537.36"
::1 - - [14/Jul/2016:11:51:56 +0000] "GET /static/js/index.js HTTP/1.1" 304 - "http://localhost:3000/Home1" "Mozilla/5.0 (Windows NT 10.0; Win64; x64) AppleWebKit/537.36 (KHTML, like Gecko) Chrome/51.0.2704.106 Safari/537.36"
::1 - - [14/Jul/2016:11:51:56 +0000] "GET /static/js/bundle.js HTTP/1.1" 304 - "http://localhost:3000/Home1" "Mozilla/5.0 (Windows NT 10.0; Win64; x64) AppleWebKit/537.36 (KHTML, like Gecko) Chrome/51.0.2704.106 Safari/537.36"
::1 - - [14/Jul/2016:11:51:57 +0000] "GET /img/logo.png HTTP/1.1" 304 - "http://localhost:3000/Home1" "Mozilla/5.0 (Windows NT 10.0; Win64; x64) AppleWebKit/537.36 (KHTML, like Gecko) Chrome/51.0.2704.106 Safari/537.36"
::1 - - [14/Jul/2016:11:52:29 +0000] "GET /Home1/hkhjhj HTTP/1.1" 200 681 "-" "Mozilla/5.0 (Windows NT 10.0; Win64; x64) AppleWebKit/537.36 (KHTML, like Gecko) Chrome/51.0.2704.106 Safari/537.36"
::1 - - [14/Jul/2016:11:52:29 +0000] "GET /Home1/css/vg.css HTTP/1.1" 304 - "http://localhost:3000/Home1/hkhjhj" "Mozilla/5.0 (Windows NT 10.0; Win64; x64) AppleWebKit/537.36 (KHTML, like Gecko) Chrome/51.0.2704.106 Safari/537.36"
::1 - - [14/Jul/2016:11:52:29 +0000] "GET /Home1/img/ajax-loader.gif HTTP/1.1" 304 - "http://localhost:3000/Home1/hkhjhj" "Mozilla/5.0 (Windows NT 10.0; Win64; x64) AppleWebKit/537.36 (KHTML, like Gecko) Chrome/51.0.2704.106 Safari/537.36"
::1 - - [14/Jul/2016:11:52:29 +0000] "GET /static/js/index.js HTTP/1.1" 304 - "http://localhost:3000/Home1/hkhjhj" "Mozilla/5.0 (Windows NT 10.0; Win64; x64) AppleWebKit/537.36 (KHTML, like Gecko) Chrome/51.0.2704.106 Safari/537.36"
::1 - - [14/Jul/2016:11:52:29 +0000] "GET /static/js/bundle.js HTTP/1.1" 304 - "http://localhost:3000/Home1/hkhjhj" "Mozilla/5.0 (Windows NT 10.0; Win64; x64) AppleWebKit/537.36 (KHTML, like Gecko) Chrome/51.0.2704.106 Safari/537.36"
::1 - - [14/Jul/2016:11:52:30 +0000] "GET /img/logo.png HTTP/1.1" 304 - "http://localhost:3000/Home1/hkhjhj" "Mozilla/5.0 (Windows NT 10.0; Win64; x64) AppleWebKit/537.36 (KHTML, like Gecko) Chrome/51.0.2704.106 Safari/537.36"
::1 - - [14/Jul/2016:11:53:27 +0000] "GET /app/users/disp HTTP/1.1" 200 681 "-" "Mozilla/5.0 (Windows NT 10.0; Win64; x64) AppleWebKit/537.36 (KHTML, like Gecko) Chrome/51.0.2704.106 Safari/537.36"
::1 - - [14/Jul/2016:11:53:27 +0000] "GET /app/users/css/vg.css HTTP/1.1" 200 681 "http://localhost:3000/app/users/disp" "Mozilla/5.0 (Windows NT 10.0; Win64; x64) AppleWebKit/537.36 (KHTML, like Gecko) Chrome/51.0.2704.106 Safari/537.36"
::1 - - [14/Jul/2016:11:53:27 +0000] "GET /app/users/img/ajax-loader.gif HTTP/1.1" 200 681 "http://localhost:3000/app/users/disp" "Mozilla/5.0 (Windows NT 10.0; Win64; x64) AppleWebKit/537.36 (KHTML, like Gecko) Chrome/51.0.2704.106 Safari/537.36"
::1 - - [14/Jul/2016:11:53:27 +0000] "GET /static/js/index.js HTTP/1.1" 304 - "http://localhost:3000/app/users/disp" "Mozilla/5.0 (Windows NT 10.0; Win64; x64) AppleWebKit/537.36 (KHTML, like Gecko) Chrome/51.0.2704.106 Safari/537.36"
::1 - - [14/Jul/2016:11:53:27 +0000] "GET /static/js/bundle.js HTTP/1.1" 304 - "http://localhost:3000/app/users/disp" "Mozilla/5.0 (Windows NT 10.0; Win64; x64) AppleWebKit/537.36 (KHTML, like Gecko) Chrome/51.0.2704.106 Safari/537.36"
::1 - - [14/Jul/2016:11:53:27 +0000] "GET /img/logo.png HTTP/1.1" 304 - "http://localhost:3000/app/users/disp" "Mozilla/5.0 (Windows NT 10.0; Win64; x64) AppleWebKit/537.36 (KHTML, like Gecko) Chrome/51.0.2704.106 Safari/537.36"
::1 - - [14/Jul/2016:11:53:34 +0000] "GET /api/users/disp HTTP/1.1" 304 - "-" "Mozilla/5.0 (Windows NT 10.0; Win64; x64) AppleWebKit/537.36 (KHTML, like Gecko) Chrome/51.0.2704.106 Safari/537.36"
::1 - - [14/Jul/2016:11:56:16 +0000] "GET /app/users/disp HTTP/1.1" 304 - "-" "Mozilla/5.0 (Windows NT 10.0; Win64; x64) AppleWebKit/537.36 (KHTML, like Gecko) Chrome/51.0.2704.106 Safari/537.36"
::1 - - [14/Jul/2016:11:56:16 +0000] "GET /app/users/css/vg.css HTTP/1.1" 304 - "http://localhost:3000/app/users/disp" "Mozilla/5.0 (Windows NT 10.0; Win64; x64) AppleWebKit/537.36 (KHTML, like Gecko) Chrome/51.0.2704.106 Safari/537.36"
::1 - - [14/Jul/2016:11:56:16 +0000] "GET /app/users/img/ajax-loader.gif HTTP/1.1" 304 - "http://localhost:3000/app/users/disp" "Mozilla/5.0 (Windows NT 10.0; Win64; x64) AppleWebKit/537.36 (KHTML, like Gecko) Chrome/51.0.2704.106 Safari/537.36"
::1 - - [14/Jul/2016:11:56:16 +0000] "GET /static/js/index.js HTTP/1.1" 304 - "http://localhost:3000/app/users/disp" "Mozilla/5.0 (Windows NT 10.0; Win64; x64) AppleWebKit/537.36 (KHTML, like Gecko) Chrome/51.0.2704.106 Safari/537.36"
::1 - - [14/Jul/2016:11:56:16 +0000] "GET /static/js/bundle.js HTTP/1.1" 200 4934259 "http://localhost:3000/app/users/disp" "Mozilla/5.0 (Windows NT 10.0; Win64; x64) AppleWebKit/537.36 (KHTML, like Gecko) Chrome/51.0.2704.106 Safari/537.36"
::1 - - [14/Jul/2016:11:56:17 +0000] "GET /img/logo.png HTTP/1.1" 304 - "http://localhost:3000/app/users/disp" "Mozilla/5.0 (Windows NT 10.0; Win64; x64) AppleWebKit/537.36 (KHTML, like Gecko) Chrome/51.0.2704.106 Safari/537.36"
::1 - - [14/Jul/2016:11:56:29 +0000] "GET /Home1/dsfgdsgdsf HTTP/1.1" 304 - "-" "Mozilla/5.0 (Windows NT 10.0; Win64; x64) AppleWebKit/537.36 (KHTML, like Gecko) Chrome/51.0.2704.106 Safari/537.36"
::1 - - [14/Jul/2016:11:56:29 +0000] "GET /Home1/css/vg.css HTTP/1.1" 304 - "http://localhost:3000/Home1/dsfgdsgdsf" "Mozilla/5.0 (Windows NT 10.0; Win64; x64) AppleWebKit/537.36 (KHTML, like Gecko) Chrome/51.0.2704.106 Safari/537.36"
::1 - - [14/Jul/2016:11:56:29 +0000] "GET /Home1/img/ajax-loader.gif HTTP/1.1" 304 - "http://localhost:3000/Home1/dsfgdsgdsf" "Mozilla/5.0 (Windows NT 10.0; Win64; x64) AppleWebKit/537.36 (KHTML, like Gecko) Chrome/51.0.2704.106 Safari/537.36"
::1 - - [14/Jul/2016:11:56:29 +0000] "GET /static/js/index.js HTTP/1.1" 304 - "http://localhost:3000/Home1/dsfgdsgdsf" "Mozilla/5.0 (Windows NT 10.0; Win64; x64) AppleWebKit/537.36 (KHTML, like Gecko) Chrome/51.0.2704.106 Safari/537.36"
::1 - - [14/Jul/2016:11:56:29 +0000] "GET /static/js/bundle.js HTTP/1.1" 304 - "http://localhost:3000/Home1/dsfgdsgdsf" "Mozilla/5.0 (Windows NT 10.0; Win64; x64) AppleWebKit/537.36 (KHTML, like Gecko) Chrome/51.0.2704.106 Safari/537.36"
::1 - - [14/Jul/2016:12:02:22 +0000] "GET /app/sdhfgahk HTTP/1.1" 200 681 "-" "Mozilla/5.0 (Windows NT 10.0; Win64; x64) AppleWebKit/537.36 (KHTML, like Gecko) Chrome/51.0.2704.106 Safari/537.36"
::1 - - [14/Jul/2016:12:02:22 +0000] "GET /app/css/vg.css HTTP/1.1" 200 681 "http://localhost:3000/app/sdhfgahk" "Mozilla/5.0 (Windows NT 10.0; Win64; x64) AppleWebKit/537.36 (KHTML, like Gecko) Chrome/51.0.2704.106 Safari/537.36"
::1 - - [14/Jul/2016:12:02:22 +0000] "GET /static/js/index.js HTTP/1.1" 304 - "http://localhost:3000/app/sdhfgahk" "Mozilla/5.0 (Windows NT 10.0; Win64; x64) AppleWebKit/537.36 (KHTML, like Gecko) Chrome/51.0.2704.106 Safari/537.36"
::1 - - [14/Jul/2016:12:02:22 +0000] "GET /app/img/ajax-loader.gif HTTP/1.1" 200 681 "http://localhost:3000/app/sdhfgahk" "Mozilla/5.0 (Windows NT 10.0; Win64; x64) AppleWebKit/537.36 (KHTML, like Gecko) Chrome/51.0.2704.106 Safari/537.36"
::1 - - [14/Jul/2016:12:02:22 +0000] "GET /static/js/bundle.js HTTP/1.1" 200 4934239 "http://localhost:3000/app/sdhfgahk" "Mozilla/5.0 (Windows NT 10.0; Win64; x64) AppleWebKit/537.36 (KHTML, like Gecko) Chrome/51.0.2704.106 Safari/537.36"
::1 - - [14/Jul/2016:12:02:23 +0000] "GET /img/logo.png HTTP/1.1" 304 - "http://localhost:3000/login" "Mozilla/5.0 (Windows NT 10.0; Win64; x64) AppleWebKit/537.36 (KHTML, like Gecko) Chrome/51.0.2704.106 Safari/537.36"
::1 - - [14/Jul/2016:12:04:41 +0000] "GET /login HTTP/1.1" 200 681 "-" "Mozilla/5.0 (Windows NT 10.0; Win64; x64) AppleWebKit/537.36 (KHTML, like Gecko) Chrome/51.0.2704.106 Safari/537.36"
::1 - - [14/Jul/2016:12:04:41 +0000] "GET /css/vg.css HTTP/1.1" 304 - "http://localhost:3000/login" "Mozilla/5.0 (Windows NT 10.0; Win64; x64) AppleWebKit/537.36 (KHTML, like Gecko) Chrome/51.0.2704.106 Safari/537.36"
::1 - - [14/Jul/2016:12:04:41 +0000] "GET /img/ajax-loader.gif HTTP/1.1" 304 - "http://localhost:3000/login" "Mozilla/5.0 (Windows NT 10.0; Win64; x64) AppleWebKit/537.36 (KHTML, like Gecko) Chrome/51.0.2704.106 Safari/537.36"
::1 - - [14/Jul/2016:12:04:41 +0000] "GET /static/js/index.js HTTP/1.1" 304 - "http://localhost:3000/login" "Mozilla/5.0 (Windows NT 10.0; Win64; x64) AppleWebKit/537.36 (KHTML, like Gecko) Chrome/51.0.2704.106 Safari/537.36"
::1 - - [14/Jul/2016:12:04:41 +0000] "GET /static/js/bundle.js HTTP/1.1" 304 - "http://localhost:3000/login" "Mozilla/5.0 (Windows NT 10.0; Win64; x64) AppleWebKit/537.36 (KHTML, like Gecko) Chrome/51.0.2704.106 Safari/537.36"
::1 - - [14/Jul/2016:12:04:41 +0000] "GET /img/logo.png HTTP/1.1" 304 - "http://localhost:3000/login" "Mozilla/5.0 (Windows NT 10.0; Win64; x64) AppleWebKit/537.36 (KHTML, like Gecko) Chrome/51.0.2704.106 Safari/537.36"
::1 - - [14/Jul/2016:12:04:45 +0000] "GET /css/vg.css HTTP/1.1" 200 681 "http://localhost:3000/login" "Mozilla/5.0 (Windows NT 10.0; Win64; x64) AppleWebKit/537.36 (KHTML, like Gecko) Chrome/51.0.2704.106 Safari/537.36"
::1 - - [14/Jul/2016:12:06:59 +0000] "GET /lvfsgbhfdknbd; HTTP/1.1" 200 681 "-" "Mozilla/5.0 (Windows NT 10.0; Win64; x64) AppleWebKit/537.36 (KHTML, like Gecko) Chrome/51.0.2704.106 Safari/537.36"
::1 - - [14/Jul/2016:12:07:00 +0000] "GET /css/vg.css HTTP/1.1" 200 681 "http://localhost:3000/lvfsgbhfdknbd;" "Mozilla/5.0 (Windows NT 10.0; Win64; x64) AppleWebKit/537.36 (KHTML, like Gecko) Chrome/51.0.2704.106 Safari/537.36"
::1 - - [14/Jul/2016:12:07:00 +0000] "GET /static/js/bundle.js HTTP/1.1" 304 - "http://localhost:3000/lvfsgbhfdknbd;" "Mozilla/5.0 (Windows NT 10.0; Win64; x64) AppleWebKit/537.36 (KHTML, like Gecko) Chrome/51.0.2704.106 Safari/537.36"
::1 - - [14/Jul/2016:12:07:00 +0000] "GET /img/ajax-loader.gif HTTP/1.1" 200 681 "http://localhost:3000/lvfsgbhfdknbd;" "Mozilla/5.0 (Windows NT 10.0; Win64; x64) AppleWebKit/537.36 (KHTML, like Gecko) Chrome/51.0.2704.106 Safari/537.36"
::1 - - [14/Jul/2016:12:07:00 +0000] "GET /lvfsgbhfdknbd; HTTP/1.1" 200 681 "-" "Mozilla/5.0 (Windows NT 10.0; Win64; x64) AppleWebKit/537.36 (KHTML, like Gecko) Chrome/51.0.2704.106 Safari/537.36"
::1 - - [14/Jul/2016:12:07:00 +0000] "GET /img/ajax-loader.gif HTTP/1.1" 200 681 "-" "Mozilla/5.0 (Windows NT 10.0; Win64; x64) AppleWebKit/537.36 (KHTML, like Gecko) Chrome/51.0.2704.106 Safari/537.36"
::1 - - [14/Jul/2016:12:07:00 +0000] "GET /img/ajax-loader.gif HTTP/1.1" 200 681 "http://localhost:3000/lvfsgbhfdknbd;" "Mozilla/5.0 (Windows NT 10.0; Win64; x64) AppleWebKit/537.36 (KHTML, like Gecko) Chrome/51.0.2704.106 Safari/537.36"
::1 - - [14/Jul/2016:12:07:00 +0000] "GET /static/js/index.js HTTP/1.1" 200 16426 "http://localhost:3000/lvfsgbhfdknbd;" "Mozilla/5.0 (Windows NT 10.0; Win64; x64) AppleWebKit/537.36 (KHTML, like Gecko) Chrome/51.0.2704.106 Safari/537.36"
::1 - - [14/Jul/2016:12:07:00 +0000] "GET /img/ajax-loader.gif HTTP/1.1" 200 681 "-" "Mozilla/5.0 (Windows NT 10.0; Win64; x64) AppleWebKit/537.36 (KHTML, like Gecko) Chrome/51.0.2704.106 Safari/537.36"
::1 - - [14/Jul/2016:12:07:00 +0000] "GET /static/js/bundle.js HTTP/1.1" 200 4934239 "http://localhost:3000/lvfsgbhfdknbd;" "Mozilla/5.0 (Windows NT 10.0; Win64; x64) AppleWebKit/537.36 (KHTML, like Gecko) Chrome/51.0.2704.106 Safari/537.36"
::1 - - [14/Jul/2016:12:07:01 +0000] "GET /img/logo.png HTTP/1.1" 200 681 "http://localhost:3000/login" "Mozilla/5.0 (Windows NT 10.0; Win64; x64) AppleWebKit/537.36 (KHTML, like Gecko) Chrome/51.0.2704.106 Safari/537.36"
::1 - - [14/Jul/2016:12:07:01 +0000] "GET /favicon.ico HTTP/1.1" 200 681 "http://localhost:3000/login" "Mozilla/5.0 (Windows NT 10.0; Win64; x64) AppleWebKit/537.36 (KHTML, like Gecko) Chrome/51.0.2704.106 Safari/537.36"
::1 - - [14/Jul/2016:12:07:01 +0000] "GET /img/logo.png HTTP/1.1" 200 681 "-" "Mozilla/5.0 (Windows NT 10.0; Win64; x64) AppleWebKit/537.36 (KHTML, like Gecko) Chrome/51.0.2704.106 Safari/537.36"
::1 - - [14/Jul/2016:12:07:53 +0000] "GET /loginsdfgf HTTP/1.1" 200 681 "-" "Mozilla/5.0 (Windows NT 10.0; Win64; x64) AppleWebKit/537.36 (KHTML, like Gecko) Chrome/51.0.2704.106 Safari/537.36"
::1 - - [14/Jul/2016:12:07:53 +0000] "GET /static/js/bundle.js HTTP/1.1" 304 - "http://localhost:3000/loginsdfgf" "Mozilla/5.0 (Windows NT 10.0; Win64; x64) AppleWebKit/537.36 (KHTML, like Gecko) Chrome/51.0.2704.106 Safari/537.36"
::1 - - [14/Jul/2016:12:07:53 +0000] "GET /css/vg.css HTTP/1.1" 200 681 "http://localhost:3000/loginsdfgf" "Mozilla/5.0 (Windows NT 10.0; Win64; x64) AppleWebKit/537.36 (KHTML, like Gecko) Chrome/51.0.2704.106 Safari/537.36"
::1 - - [14/Jul/2016:12:07:53 +0000] "GET /img/ajax-loader.gif HTTP/1.1" 200 681 "http://localhost:3000/loginsdfgf" "Mozilla/5.0 (Windows NT 10.0; Win64; x64) AppleWebKit/537.36 (KHTML, like Gecko) Chrome/51.0.2704.106 Safari/537.36"
::1 - - [14/Jul/2016:12:07:53 +0000] "GET /static/js/index.js HTTP/1.1" 200 16426 "http://localhost:3000/loginsdfgf" "Mozilla/5.0 (Windows NT 10.0; Win64; x64) AppleWebKit/537.36 (KHTML, like Gecko) Chrome/51.0.2704.106 Safari/537.36"
::1 - - [14/Jul/2016:12:07:53 +0000] "GET /loginsdfgf HTTP/1.1" 200 681 "-" "Mozilla/5.0 (Windows NT 10.0; Win64; x64) AppleWebKit/537.36 (KHTML, like Gecko) Chrome/51.0.2704.106 Safari/537.36"
::1 - - [14/Jul/2016:12:07:53 +0000] "GET /img/ajax-loader.gif HTTP/1.1" 304 - "-" "Mozilla/5.0 (Windows NT 10.0; Win64; x64) AppleWebKit/537.36 (KHTML, like Gecko) Chrome/51.0.2704.106 Safari/537.36"
::1 - - [14/Jul/2016:12:07:53 +0000] "GET /img/ajax-loader.gif HTTP/1.1" 200 681 "http://localhost:3000/loginsdfgf" "Mozilla/5.0 (Windows NT 10.0; Win64; x64) AppleWebKit/537.36 (KHTML, like Gecko) Chrome/51.0.2704.106 Safari/537.36"
::1 - - [14/Jul/2016:12:07:53 +0000] "GET /img/ajax-loader.gif HTTP/1.1" 304 - "-" "Mozilla/5.0 (Windows NT 10.0; Win64; x64) AppleWebKit/537.36 (KHTML, like Gecko) Chrome/51.0.2704.106 Safari/537.36"
::1 - - [14/Jul/2016:12:07:53 +0000] "GET /static/js/bundle.js HTTP/1.1" 200 4934239 "http://localhost:3000/loginsdfgf" "Mozilla/5.0 (Windows NT 10.0; Win64; x64) AppleWebKit/537.36 (KHTML, like Gecko) Chrome/51.0.2704.106 Safari/537.36"
::1 - - [14/Jul/2016:12:07:54 +0000] "GET /img/logo.png HTTP/1.1" 200 681 "http://localhost:3000/login" "Mozilla/5.0 (Windows NT 10.0; Win64; x64) AppleWebKit/537.36 (KHTML, like Gecko) Chrome/51.0.2704.106 Safari/537.36"
::1 - - [14/Jul/2016:12:07:54 +0000] "GET /favicon.ico HTTP/1.1" 200 681 "http://localhost:3000/login" "Mozilla/5.0 (Windows NT 10.0; Win64; x64) AppleWebKit/537.36 (KHTML, like Gecko) Chrome/51.0.2704.106 Safari/537.36"
::1 - - [14/Jul/2016:12:07:54 +0000] "GET /img/logo.png HTTP/1.1" 304 - "-" "Mozilla/5.0 (Windows NT 10.0; Win64; x64) AppleWebKit/537.36 (KHTML, like Gecko) Chrome/51.0.2704.106 Safari/537.36"
::1 - - [14/Jul/2016:12:08:17 +0000] "GET /login HTTP/1.1" 200 681 "-" "Mozilla/5.0 (Windows NT 10.0; Win64; x64) AppleWebKit/537.36 (KHTML, like Gecko) Chrome/51.0.2704.106 Safari/537.36"
::1 - - [14/Jul/2016:12:08:17 +0000] "GET /css/vg.css HTTP/1.1" 200 681 "http://localhost:3000/login" "Mozilla/5.0 (Windows NT 10.0; Win64; x64) AppleWebKit/537.36 (KHTML, like Gecko) Chrome/51.0.2704.106 Safari/537.36"
::1 - - [14/Jul/2016:12:08:17 +0000] "GET /img/ajax-loader.gif HTTP/1.1" 200 681 "http://localhost:3000/login" "Mozilla/5.0 (Windows NT 10.0; Win64; x64) AppleWebKit/537.36 (KHTML, like Gecko) Chrome/51.0.2704.106 Safari/537.36"
::1 - - [14/Jul/2016:12:08:17 +0000] "GET /login HTTP/1.1" 200 681 "-" "Mozilla/5.0 (Windows NT 10.0; Win64; x64) AppleWebKit/537.36 (KHTML, like Gecko) Chrome/51.0.2704.106 Safari/537.36"
::1 - - [14/Jul/2016:12:08:17 +0000] "GET /static/js/bundle.js HTTP/1.1" 200 4934239 "http://localhost:3000/login" "Mozilla/5.0 (Windows NT 10.0; Win64; x64) AppleWebKit/537.36 (KHTML, like Gecko) Chrome/51.0.2704.106 Safari/537.36"
::1 - - [14/Jul/2016:12:08:18 +0000] "GET /img/ajax-loader.gif HTTP/1.1" 200 681 "http://localhost:3000/login" "Mozilla/5.0 (Windows NT 10.0; Win64; x64) AppleWebKit/537.36 (KHTML, like Gecko) Chrome/51.0.2704.106 Safari/537.36"
::1 - - [14/Jul/2016:12:08:18 +0000] "GET /static/js/index.js HTTP/1.1" 200 16426 "http://localhost:3000/login" "Mozilla/5.0 (Windows NT 10.0; Win64; x64) AppleWebKit/537.36 (KHTML, like Gecko) Chrome/51.0.2704.106 Safari/537.36"
::1 - - [14/Jul/2016:12:08:18 +0000] "GET /img/ajax-loader.gif HTTP/1.1" 304 - "-" "Mozilla/5.0 (Windows NT 10.0; Win64; x64) AppleWebKit/537.36 (KHTML, like Gecko) Chrome/51.0.2704.106 Safari/537.36"
::1 - - [14/Jul/2016:12:08:18 +0000] "GET /img/ajax-loader.gif HTTP/1.1" 304 - "-" "Mozilla/5.0 (Windows NT 10.0; Win64; x64) AppleWebKit/537.36 (KHTML, like Gecko) Chrome/51.0.2704.106 Safari/537.36"
::1 - - [14/Jul/2016:12:08:18 +0000] "GET /static/js/bundle.js HTTP/1.1" 200 4934239 "http://localhost:3000/login" "Mozilla/5.0 (Windows NT 10.0; Win64; x64) AppleWebKit/537.36 (KHTML, like Gecko) Chrome/51.0.2704.106 Safari/537.36"
::1 - - [14/Jul/2016:12:08:18 +0000] "GET /img/ajax-loader.gif HTTP/1.1" 304 - "-" "Mozilla/5.0 (Windows NT 10.0; Win64; x64) AppleWebKit/537.36 (KHTML, like Gecko) Chrome/51.0.2704.106 Safari/537.36"
::1 - - [14/Jul/2016:12:08:19 +0000] "GET /img/logo.png HTTP/1.1" 200 681 "http://localhost:3000/login" "Mozilla/5.0 (Windows NT 10.0; Win64; x64) AppleWebKit/537.36 (KHTML, like Gecko) Chrome/51.0.2704.106 Safari/537.36"
::1 - - [14/Jul/2016:12:08:19 +0000] "GET /favicon.ico HTTP/1.1" 200 681 "http://localhost:3000/login" "Mozilla/5.0 (Windows NT 10.0; Win64; x64) AppleWebKit/537.36 (KHTML, like Gecko) Chrome/51.0.2704.106 Safari/537.36"
::1 - - [14/Jul/2016:12:08:19 +0000] "GET /img/logo.png HTTP/1.1" 304 - "-" "Mozilla/5.0 (Windows NT 10.0; Win64; x64) AppleWebKit/537.36 (KHTML, like Gecko) Chrome/51.0.2704.106 Safari/537.36"
::1 - - [14/Jul/2016:12:08:25 +0000] "GET /img/ajax-loader.gif HTTP/1.1" 304 - "-" "Mozilla/5.0 (Windows NT 10.0; Win64; x64) AppleWebKit/537.36 (KHTML, like Gecko) Chrome/51.0.2704.106 Safari/537.36"
::1 - - [14/Jul/2016:12:09:35 +0000] "GET /img/logo.png HTTP/1.1" 304 - "-" "Mozilla/5.0 (Windows NT 10.0; Win64; x64) AppleWebKit/537.36 (KHTML, like Gecko) Chrome/51.0.2704.106 Safari/537.36"
::1 - - [14/Jul/2016:12:09:44 +0000] "GET /login HTTP/1.1" 304 - "-" "Mozilla/5.0 (Windows NT 10.0; Win64; x64) AppleWebKit/537.36 (KHTML, like Gecko) Chrome/51.0.2704.106 Safari/537.36"
::1 - - [14/Jul/2016:12:09:44 +0000] "GET /login HTTP/1.1" 200 681 "-" "Mozilla/5.0 (Windows NT 10.0; Win64; x64) AppleWebKit/537.36 (KHTML, like Gecko) Chrome/51.0.2704.106 Safari/537.36"
::1 - - [14/Jul/2016:12:09:44 +0000] "GET /css/vg.css HTTP/1.1" 200 681 "http://localhost:3000/login" "Mozilla/5.0 (Windows NT 10.0; Win64; x64) AppleWebKit/537.36 (KHTML, like Gecko) Chrome/51.0.2704.106 Safari/537.36"
::1 - - [14/Jul/2016:12:09:44 +0000] "GET /img/ajax-loader.gif HTTP/1.1" 200 681 "http://localhost:3000/login" "Mozilla/5.0 (Windows NT 10.0; Win64; x64) AppleWebKit/537.36 (KHTML, like Gecko) Chrome/51.0.2704.106 Safari/537.36"
::1 - - [14/Jul/2016:12:09:44 +0000] "GET /static/js/index.js HTTP/1.1" 200 16426 "http://localhost:3000/login" "Mozilla/5.0 (Windows NT 10.0; Win64; x64) AppleWebKit/537.36 (KHTML, like Gecko) Chrome/51.0.2704.106 Safari/537.36"
::1 - - [14/Jul/2016:12:09:45 +0000] "GET /static/js/bundle.js HTTP/1.1" 200 4934239 "http://localhost:3000/login" "Mozilla/5.0 (Windows NT 10.0; Win64; x64) AppleWebKit/537.36 (KHTML, like Gecko) Chrome/51.0.2704.106 Safari/537.36"
::1 - - [14/Jul/2016:12:09:45 +0000] "GET /img/ajax-loader.gif HTTP/1.1" 304 - "-" "Mozilla/5.0 (Windows NT 10.0; Win64; x64) AppleWebKit/537.36 (KHTML, like Gecko) Chrome/51.0.2704.106 Safari/537.36"
::1 - - [14/Jul/2016:12:09:45 +0000] "GET /img/logo.png HTTP/1.1" 200 681 "http://localhost:3000/login" "Mozilla/5.0 (Windows NT 10.0; Win64; x64) AppleWebKit/537.36 (KHTML, like Gecko) Chrome/51.0.2704.106 Safari/537.36"
::1 - - [14/Jul/2016:12:09:46 +0000] "GET /favicon.ico HTTP/1.1" 200 681 "http://localhost:3000/login" "Mozilla/5.0 (Windows NT 10.0; Win64; x64) AppleWebKit/537.36 (KHTML, like Gecko) Chrome/51.0.2704.106 Safari/537.36"
::1 - - [14/Jul/2016:12:09:46 +0000] "GET /img/logo.png HTTP/1.1" 304 - "-" "Mozilla/5.0 (Windows NT 10.0; Win64; x64) AppleWebKit/537.36 (KHTML, like Gecko) Chrome/51.0.2704.106 Safari/537.36"
::1 - - [14/Jul/2016:12:09:46 +0000] "GET /img/logo.png HTTP/1.1" 304 - "-" "Mozilla/5.0 (Windows NT 10.0; Win64; x64) AppleWebKit/537.36 (KHTML, like Gecko) Chrome/51.0.2704.106 Safari/537.36"
::1 - - [14/Jul/2016:12:10:01 +0000] "GET /login HTTP/1.1" 200 681 "-" "Mozilla/5.0 (Windows NT 10.0; Win64; x64) AppleWebKit/537.36 (KHTML, like Gecko) Chrome/51.0.2704.106 Safari/537.36"
::1 - - [14/Jul/2016:12:10:01 +0000] "GET /css/vg.css HTTP/1.1" 200 681 "http://localhost:3000/login" "Mozilla/5.0 (Windows NT 10.0; Win64; x64) AppleWebKit/537.36 (KHTML, like Gecko) Chrome/51.0.2704.106 Safari/537.36"
::1 - - [14/Jul/2016:12:10:01 +0000] "GET /img/ajax-loader.gif HTTP/1.1" 200 681 "http://localhost:3000/login" "Mozilla/5.0 (Windows NT 10.0; Win64; x64) AppleWebKit/537.36 (KHTML, like Gecko) Chrome/51.0.2704.106 Safari/537.36"
::1 - - [14/Jul/2016:12:10:01 +0000] "GET /static/js/index.js HTTP/1.1" 200 16426 "http://localhost:3000/login" "Mozilla/5.0 (Windows NT 10.0; Win64; x64) AppleWebKit/537.36 (KHTML, like Gecko) Chrome/51.0.2704.106 Safari/537.36"
::1 - - [14/Jul/2016:12:10:01 +0000] "GET /static/js/bundle.js HTTP/1.1" 200 4934239 "http://localhost:3000/login" "Mozilla/5.0 (Windows NT 10.0; Win64; x64) AppleWebKit/537.36 (KHTML, like Gecko) Chrome/51.0.2704.106 Safari/537.36"
::1 - - [14/Jul/2016:12:10:01 +0000] "GET /img/logo.png HTTP/1.1" 200 681 "http://localhost:3000/login" "Mozilla/5.0 (Windows NT 10.0; Win64; x64) AppleWebKit/537.36 (KHTML, like Gecko) Chrome/51.0.2704.106 Safari/537.36"
::1 - - [14/Jul/2016:12:10:02 +0000] "GET /favicon.ico HTTP/1.1" 200 681 "http://localhost:3000/login" "Mozilla/5.0 (Windows NT 10.0; Win64; x64) AppleWebKit/537.36 (KHTML, like Gecko) Chrome/51.0.2704.106 Safari/537.36"
::1 - - [14/Jul/2016:12:10:02 +0000] "GET /favicon.ico HTTP/1.1" 304 - "-" "Mozilla/5.0 (Windows NT 10.0; Win64; x64) AppleWebKit/537.36 (KHTML, like Gecko) Chrome/51.0.2704.106 Safari/537.36"
::1 - - [14/Jul/2016:12:10:06 +0000] "GET /css/vg.css HTTP/1.1" 304 - "http://localhost:3000/login" "Mozilla/5.0 (Windows NT 10.0; Win64; x64) AppleWebKit/537.36 (KHTML, like Gecko) Chrome/51.0.2704.106 Safari/537.36"
::1 - - [14/Jul/2016:12:10:24 +0000] "GET / HTTP/1.1" 200 681 "-" "Mozilla/5.0 (Windows NT 10.0; Win64; x64) AppleWebKit/537.36 (KHTML, like Gecko) Chrome/51.0.2704.106 Safari/537.36"
::1 - - [14/Jul/2016:12:10:24 +0000] "GET /css/vg.css HTTP/1.1" 304 - "http://localhost:3000/" "Mozilla/5.0 (Windows NT 10.0; Win64; x64) AppleWebKit/537.36 (KHTML, like Gecko) Chrome/51.0.2704.106 Safari/537.36"
::1 - - [14/Jul/2016:12:10:24 +0000] "GET /img/ajax-loader.gif HTTP/1.1" 304 - "http://localhost:3000/" "Mozilla/5.0 (Windows NT 10.0; Win64; x64) AppleWebKit/537.36 (KHTML, like Gecko) Chrome/51.0.2704.106 Safari/537.36"
::1 - - [14/Jul/2016:12:10:24 +0000] "GET /static/js/index.js HTTP/1.1" 304 - "http://localhost:3000/" "Mozilla/5.0 (Windows NT 10.0; Win64; x64) AppleWebKit/537.36 (KHTML, like Gecko) Chrome/51.0.2704.106 Safari/537.36"
::1 - - [14/Jul/2016:12:10:24 +0000] "GET /static/js/bundle.js HTTP/1.1" 304 - "http://localhost:3000/" "Mozilla/5.0 (Windows NT 10.0; Win64; x64) AppleWebKit/537.36 (KHTML, like Gecko) Chrome/51.0.2704.106 Safari/537.36"
::1 - - [14/Jul/2016:12:10:25 +0000] "GET /img/logo.png HTTP/1.1" 304 - "http://localhost:3000/login" "Mozilla/5.0 (Windows NT 10.0; Win64; x64) AppleWebKit/537.36 (KHTML, like Gecko) Chrome/51.0.2704.106 Safari/537.36"
::1 - - [14/Jul/2016:12:10:25 +0000] "GET /favicon.ico HTTP/1.1" 304 - "http://localhost:3000/login" "Mozilla/5.0 (Windows NT 10.0; Win64; x64) AppleWebKit/537.36 (KHTML, like Gecko) Chrome/51.0.2704.106 Safari/537.36"
::1 - - [14/Jul/2016:12:10:25 +0000] "GET /img/ajax-loader.gif HTTP/1.1" 304 - "-" "Mozilla/5.0 (Windows NT 10.0; Win64; x64) AppleWebKit/537.36 (KHTML, like Gecko) Chrome/51.0.2704.106 Safari/537.36"
::1 - - [14/Jul/2016:12:10:25 +0000] "GET /img/logo.png HTTP/1.1" 304 - "-" "Mozilla/5.0 (Windows NT 10.0; Win64; x64) AppleWebKit/537.36 (KHTML, like Gecko) Chrome/51.0.2704.106 Safari/537.36"
::1 - Karthick [15/Jul/2016:04:15:36 +0000] "GET /api/users HTTP/1.1" 200 681 "-" "Mozilla/5.0 (Windows NT 10.0; Win64; x64) AppleWebKit/537.36 (KHTML, like Gecko) Chrome/51.0.2704.106 Safari/537.36"
::1 - Karthick [15/Jul/2016:04:15:51 +0000] "GET /api/users/disp HTTP/1.1" 200 830 "-" "Mozilla/5.0 (Windows NT 10.0; Win64; x64) AppleWebKit/537.36 (KHTML, like Gecko) Chrome/51.0.2704.106 Safari/537.36"
::1 - Karthick [15/Jul/2016:04:16:40 +0000] "POST /api/users/add HTTP/1.1" 200 - "-" "Mozilla/5.0 (Windows NT 10.0; Win64; x64) AppleWebKit/537.36 (KHTML, like Gecko) Chrome/51.0.2704.106 Safari/537.36"
::1 - Karthick [15/Jul/2016:04:16:50 +0000] "POST /api/users/add HTTP/1.1" 200 - "-" "Mozilla/5.0 (Windows NT 10.0; Win64; x64) AppleWebKit/537.36 (KHTML, like Gecko) Chrome/51.0.2704.106 Safari/537.36"
::1 - Karthick [15/Jul/2016:04:16:58 +0000] "POST /api/users/add HTTP/1.1" 200 - "-" "Mozilla/5.0 (Windows NT 10.0; Win64; x64) AppleWebKit/537.36 (KHTML, like Gecko) Chrome/51.0.2704.106 Safari/537.36"
